<?xml version="1.0" encoding="UTF-8"?>
<!-- Generated by org.testng.reporters.JUnitReportReporter -->
<testsuite hostname="LAPTOP-ABQ76HDR" failures="0" tests="1" name="Selenium.NewTest" time="0.016" errors="0" timestamp="26 Apr 2019 06:34:20 GMT">
  <testcase classname="Selenium.NewTest" name="fdfd" time="0.016"/>
</testsuite> <!-- Selenium.NewTest -->
