<?xml version="1.0" encoding="UTF-8"?>
<!-- Generated by org.testng.reporters.JUnitReportReporter -->
<testsuite hostname="LAPTOP-ABQ76HDR" failures="0" tests="1" name="Selenium.NewTest1" time="0.028" errors="0" timestamp="26 Apr 2019 03:54:12 GMT">
  <testcase classname="Selenium.NewTest1" name="f" time="0.028"/>
</testsuite> <!-- Selenium.NewTest1 -->
